f:\vsproject\mynodeeditor\project1\x64\debug\vc140.pdb
f:\vsproject\mynodeeditor\project1\x64\debug\numberdisplaydatamodel.obj
f:\vsproject\mynodeeditor\project1\x64\debug\modulomodel.obj
f:\vsproject\mynodeeditor\project1\x64\debug\mathoperationdatamodel.obj
f:\vsproject\mynodeeditor\project1\x64\debug\integertodecimalmodel.obj
f:\vsproject\mynodeeditor\project1\x64\debug\decimaltointegermodel.obj
f:\vsproject\mynodeeditor\project1\x64\debug\main.obj
f:\vsproject\mynodeeditor\project1\x64\debug\moc_topods_shapedatamodel.obj
f:\vsproject\mynodeeditor\project1\x64\debug\moc_occview.obj
f:\vsproject\mynodeeditor\project1\x64\debug\moc_occqt.obj
f:\vsproject\mynodeeditor\project1\x64\debug\moc_numbersourcedatamodel.obj
f:\vsproject\mynodeeditor\project1\x64\debug\moc_numberdisplaydatamodel.obj
f:\vsproject\mynodeeditor\project1\x64\debug\moc_modulomodel.obj
f:\vsproject\mynodeeditor\project1\x64\debug\moc_mathoperationdatamodel.obj
f:\vsproject\mynodeeditor\project1\x64\debug\moc_mainwindow.obj
f:\vsproject\mynodeeditor\project1\x64\debug\moc_mainwidget.obj
f:\vsproject\mynodeeditor\project1\x64\debug\moc_integertodecimalmodel.obj
f:\vsproject\mynodeeditor\project1\x64\debug\moc_gp_pntdatamodel.obj
f:\vsproject\mynodeeditor\project1\x64\debug\moc_gp_makelinmodel.obj
f:\vsproject\mynodeeditor\project1\x64\debug\moc_displaymodel.obj
f:\vsproject\mynodeeditor\project1\x64\debug\moc_decimaltointegermodel.obj
f:\vsproject\mynodeeditor\project1\x64\debug\mainwindow.obj
f:\vsproject\mynodeeditor\project1\x64\debug\mainwidget.obj
f:\vsproject\mynodeeditor\project1\x64\debug\topods_shapedatamodel.obj
f:\vsproject\mynodeeditor\project1\x64\debug\gp_pntdatamodel.obj
f:\vsproject\mynodeeditor\project1\x64\debug\gp_makelinmodel.obj
f:\vsproject\mynodeeditor\project1\x64\debug\displaymodel.obj
f:\vsproject\mynodeeditor\project1\x64\debug\occview.obj
f:\vsproject\mynodeeditor\project1\x64\debug\occqt.obj
f:\vsproject\mynodeeditor\project1\x64\debug\numbersourcedatamodel.obj
f:\vsproject\mynodeeditor\project1\generatedfiles\debug\moc_topods_shapedatamodel.cpp
f:\vsproject\mynodeeditor\project1\generatedfiles\debug\moc_mainwindow.cpp
f:\vsproject\mynodeeditor\project1\generatedfiles\debug\moc_occview.cpp
f:\vsproject\mynodeeditor\project1\generatedfiles\debug\moc_occqt.cpp
f:\vsproject\mynodeeditor\project1\generatedfiles\debug\moc_gp_makelinmodel.cpp
f:\vsproject\mynodeeditor\project1\generatedfiles\debug\moc_gp_pntdatamodel.cpp
f:\vsproject\mynodeeditor\project1\generatedfiles\debug\moc_decimaltointegermodel.cpp
f:\vsproject\mynodeeditor\project1\generatedfiles\debug\moc_integertodecimalmodel.cpp
f:\vsproject\mynodeeditor\project1\generatedfiles\debug\moc_mathoperationdatamodel.cpp
f:\vsproject\mynodeeditor\project1\generatedfiles\debug\moc_modulomodel.cpp
f:\vsproject\mynodeeditor\project1\generatedfiles\debug\moc_numberdisplaydatamodel.cpp
f:\vsproject\mynodeeditor\project1\generatedfiles\debug\moc_numbersourcedatamodel.cpp
f:\vsproject\mynodeeditor\project1\generatedfiles\ui_mainwindow.h
f:\vsproject\mynodeeditor\project1\generatedfiles\debug\moc_displaymodel.cpp
f:\vsproject\mynodeeditor\project1\generatedfiles\debug\moc_mainwidget.cpp
f:\vsproject\mynodeeditor\x64\debug\project1.lib
f:\vsproject\mynodeeditor\x64\debug\project1.exp
f:\vsproject\mynodeeditor\x64\debug\project1.pdb
f:\vsproject\mynodeeditor\project1\x64\debug\project1.tlog\cl.command.1.tlog
f:\vsproject\mynodeeditor\project1\x64\debug\project1.tlog\cl.read.1.tlog
f:\vsproject\mynodeeditor\project1\x64\debug\project1.tlog\cl.write.1.tlog
f:\vsproject\mynodeeditor\project1\x64\debug\project1.tlog\custombuild.command.1.tlog
f:\vsproject\mynodeeditor\project1\x64\debug\project1.tlog\custombuild.read.1.tlog
f:\vsproject\mynodeeditor\project1\x64\debug\project1.tlog\custombuild.write.1.tlog
f:\vsproject\mynodeeditor\project1\x64\debug\project1.tlog\link.18420-cvtres.read.1.tlog
f:\vsproject\mynodeeditor\project1\x64\debug\project1.tlog\link.18420-cvtres.write.1.tlog
f:\vsproject\mynodeeditor\project1\x64\debug\project1.tlog\link.18420-rc.read.1.tlog
f:\vsproject\mynodeeditor\project1\x64\debug\project1.tlog\link.18420-rc.write.1.tlog
f:\vsproject\mynodeeditor\project1\x64\debug\project1.tlog\link.18420.read.1.tlog
f:\vsproject\mynodeeditor\project1\x64\debug\project1.tlog\link.18420.write.1.tlog
f:\vsproject\mynodeeditor\project1\x64\debug\project1.tlog\link.command.1.tlog
f:\vsproject\mynodeeditor\project1\x64\debug\project1.tlog\link.read.1.tlog
f:\vsproject\mynodeeditor\project1\x64\debug\project1.tlog\link.write.1.tlog
f:\vsproject\mynodeeditor\project1\x64\debug\project1.tlog\project1.write.1u.tlog
